# JRE version: Java(TM) SE Runtime Environment (8.0_281-b09) (build 1.8.0_281-b09)
# Java VM: Java HotSpot(TM) 64-Bit Server VM (25.281-b09 mixed mode windows-amd64 compressed oops)
Heap:
 PSYoungGen      total 119808K, used 27149K [0x00000000d5d00000, 0x00000000de100000, 0x0000000100000000)
  eden space 114688K, 23% used [0x00000000d5d00000,0x00000000d7783428,0x00000000dcd00000)
  from space 5120K, 0% used [0x00000000ddc00000,0x00000000ddc00000,0x00000000de100000)
  to   space 5120K, 0% used [0x00000000dd700000,0x00000000dd700000,0x00000000ddc00000)
 ParOldGen       total 228864K, used 87927K [0x0000000081600000, 0x000000008f580000, 0x00000000d5d00000)
  object space 228864K, 38% used [0x0000000081600000,0x0000000086bddf70,0x000000008f580000)
 Metaspace       used 13754K, capacity 14026K, committed 14336K, reserved 1062912K
  class space    used 1645K, capacity 1724K, committed 1792K, reserved 1048576K
GC Heap History (10 events):
Event: 0.875 GC heap before
{Heap before GC invocations=3 (full 1):
 PSYoungGen      total 71680K, used 5113K [0x00000000d5d00000, 0x00000000da800000, 0x0000000100000000)
  eden space 66560K, 0% used [0x00000000d5d00000,0x00000000d5d00000,0x00000000d9e00000)
  from space 5120K, 99% used [0x00000000da300000,0x00000000da7fe630,0x00000000da800000)
  to   space 5120K, 0% used [0x00000000d9e00000,0x00000000d9e00000,0x00000000da300000)
 ParOldGen       total 87552K, used 61697K [0x0000000081600000, 0x0000000086b80000, 0x00000000d5d00000)
  object space 87552K, 70% used [0x0000000081600000,0x0000000085240590,0x0000000086b80000)
 Metaspace       used 9248K, capacity 9478K, committed 9600K, reserved 1058816K
  class space    used 1063K, capacity 1134K, committed 1152K, reserved 1048576K
Event: 0.890 GC heap after
Heap after GC invocations=3 (full 1):
 PSYoungGen      total 71680K, used 0K [0x00000000d5d00000, 0x00000000da800000, 0x0000000100000000)
  eden space 66560K, 0% used [0x00000000d5d00000,0x00000000d5d00000,0x00000000d9e00000)
  from space 5120K, 0% used [0x00000000da300000,0x00000000da300000,0x00000000da800000)
  to   space 5120K, 0% used [0x00000000d9e00000,0x00000000d9e00000,0x00000000da300000)
 ParOldGen       total 98304K, used 25557K [0x0000000081600000, 0x0000000087600000, 0x00000000d5d00000)
  object space 98304K, 25% used [0x0000000081600000,0x0000000082ef5760,0x0000000087600000)
 Metaspace       used 9248K, capacity 9478K, committed 9600K, reserved 1058816K
  class space    used 1063K, capacity 1134K, committed 1152K, reserved 1048576K
}
Event: 1.027 GC heap before
{Heap before GC invocations=4 (full 1):
 PSYoungGen      total 71680K, used 63814K [0x00000000d5d00000, 0x00000000da800000, 0x0000000100000000)
  eden space 66560K, 95% used [0x00000000d5d00000,0x00000000d9b51860,0x00000000d9e00000)
  from space 5120K, 0% used [0x00000000da300000,0x00000000da300000,0x00000000da800000)
  to   space 5120K, 0% used [0x00000000d9e00000,0x00000000d9e00000,0x00000000da300000)
 ParOldGen       total 98304K, used 25557K [0x0000000081600000, 0x0000000087600000, 0x00000000d5d00000)
  object space 98304K, 25% used [0x0000000081600000,0x0000000082ef5760,0x0000000087600000)
 Metaspace       used 9256K, capacity 9478K, committed 9600K, reserved 1058816K
  class space    used 1064K, capacity 1134K, committed 1152K, reserved 1048576K
Event: 1.044 GC heap after
Heap after GC invocations=4 (full 1):
 PSYoungGen      total 71680K, used 4982K [0x00000000d5d00000, 0x00000000de100000, 0x0000000100000000)
  eden space 66560K, 0% used [0x00000000d5d00000,0x00000000d5d00000,0x00000000d9e00000)
  from space 5120K, 97% used [0x00000000d9e00000,0x00000000da2dd820,0x00000000da300000)
  to   space 5120K, 0% used [0x00000000ddc00000,0x00000000ddc00000,0x00000000de100000)
 ParOldGen       total 98304K, used 88014K [0x0000000081600000, 0x0000000087600000, 0x00000000d5d00000)
  object space 98304K, 89% used [0x0000000081600000,0x0000000086bf3a48,0x0000000087600000)
 Metaspace       used 9256K, capacity 9478K, committed 9600K, reserved 1058816K
  class space    used 1064K, capacity 1134K, committed 1152K, reserved 1048576K
}
Event: 1.044 GC heap before
{Heap before GC invocations=5 (full 2):
 PSYoungGen      total 71680K, used 4982K [0x00000000d5d00000, 0x00000000de100000, 0x0000000100000000)
  eden space 66560K, 0% used [0x00000000d5d00000,0x00000000d5d00000,0x00000000d9e00000)
  from space 5120K, 97% used [0x00000000d9e00000,0x00000000da2dd820,0x00000000da300000)
  to   space 5120K, 0% used [0x00000000ddc00000,0x00000000ddc00000,0x00000000de100000)
 ParOldGen       total 98304K, used 88014K [0x0000000081600000, 0x0000000087600000, 0x00000000d5d00000)
  object space 98304K, 89% used [0x0000000081600000,0x0000000086bf3a48,0x0000000087600000)
 Metaspace       used 9256K, capacity 9478K, committed 9600K, reserved 1058816K
  class space    used 1064K, capacity 1134K, committed 1152K, reserved 1048576K
Event: 1.056 GC heap after
Heap after GC invocations=5 (full 2):
 PSYoungGen      total 71680K, used 0K [0x00000000d5d00000, 0x00000000de100000, 0x0000000100000000)
  eden space 66560K, 0% used [0x00000000d5d00000,0x00000000d5d00000,0x00000000d9e00000)
  from space 5120K, 0% used [0x00000000d9e00000,0x00000000d9e00000,0x00000000da300000)
  to   space 5120K, 0% used [0x00000000ddc00000,0x00000000ddc00000,0x00000000de100000)
 ParOldGen       total 169984K, used 56448K [0x0000000081600000, 0x000000008bc00000, 0x00000000d5d00000)
  object space 169984K, 33% used [0x0000000081600000,0x0000000084d203a0,0x000000008bc00000)
 Metaspace       used 9256K, capacity 9478K, committed 9600K, reserved 1058816K
  class space    used 1064K, capacity 1134K, committed 1152K, reserved 1048576K
}
Event: 1.220 GC heap before
{Heap before GC invocations=6 (full 2):
 PSYoungGen      total 71680K, used 66012K [0x00000000d5d00000, 0x00000000de100000, 0x0000000100000000)
  eden space 66560K, 99% used [0x00000000d5d00000,0x00000000d9d77160,0x00000000d9e00000)
  from space 5120K, 0% used [0x00000000d9e00000,0x00000000d9e00000,0x00000000da300000)
  to   space 5120K, 0% used [0x00000000ddc00000,0x00000000ddc00000,0x00000000de100000)
 ParOldGen       total 169984K, used 56448K [0x0000000081600000, 0x000000008bc00000, 0x00000000d5d00000)
  object space 169984K, 33% used [0x0000000081600000,0x0000000084d203a0,0x000000008bc00000)
 Metaspace       used 9256K, capacity 9478K, committed 9600K, reserved 1058816K
  class space    used 1064K, capacity 1134K, committed 1152K, reserved 1048576K
Event: 1.242 GC heap after
Heap after GC invocations=6 (full 2):
 PSYoungGen      total 119808K, used 4911K [0x00000000d5d00000, 0x00000000de100000, 0x0000000100000000)
  eden space 114688K, 0% used [0x00000000d5d00000,0x00000000d5d00000,0x00000000dcd00000)
  from space 5120K, 95% used [0x00000000ddc00000,0x00000000de0cbd80,0x00000000de100000)
  to   space 5120K, 0% used [0x00000000dd700000,0x00000000dd700000,0x00000000ddc00000)
 ParOldGen       total 169984K, used 123580K [0x0000000081600000, 0x000000008bc00000, 0x00000000d5d00000)
  object space 169984K, 72% used [0x0000000081600000,0x0000000088eaf180,0x000000008bc00000)
 Metaspace       used 9256K, capacity 9478K, committed 9600K, reserved 1058816K
  class space    used 1064K, capacity 1134K, committed 1152K, reserved 1048576K
}
Event: 1.242 GC heap before
{Heap before GC invocations=7 (full 3):
 PSYoungGen      total 119808K, used 4911K [0x00000000d5d00000, 0x00000000de100000, 0x0000000100000000)
  eden space 114688K, 0% used [0x00000000d5d00000,0x00000000d5d00000,0x00000000dcd00000)
  from space 5120K, 95% used [0x00000000ddc00000,0x00000000de0cbd80,0x00000000de100000)
  to   space 5120K, 0% used [0x00000000dd700000,0x00000000dd700000,0x00000000ddc00000)
 ParOldGen       total 169984K, used 123580K [0x0000000081600000, 0x000000008bc00000, 0x00000000d5d00000)
  object space 169984K, 72% used [0x0000000081600000,0x0000000088eaf180,0x000000008bc00000)
 Metaspace       used 9256K, capacity 9478K, committed 9600K, reserved 1058816K
  class space    used 1064K, capacity 1134K, committed 1152K, reserved 1048576K
Event: 1.276 GC heap after
Heap after GC invocations=7 (full 3):
 PSYoungGen      total 119808K, used 0K [0x00000000d5d00000, 0x00000000de100000, 0x0000000100000000)
  eden space 114688K, 0% used [0x00000000d5d00000,0x00000000d5d00000,0x00000000dcd00000)
  from space 5120K, 0% used [0x00000000ddc00000,0x00000000ddc00000,0x00000000de100000)
  to   space 5120K, 0% used [0x00000000dd700000,0x00000000dd700000,0x00000000ddc00000)
 ParOldGen       total 228864K, used 87927K [0x0000000081600000, 0x000000008f580000, 0x00000000d5d00000)
  object space 228864K, 38% used [0x0000000081600000,0x0000000086bddf70,0x000000008f580000)
 Metaspace       used 9256K, capacity 9478K, committed 9600K, reserved 1058816K
  class space    used 1064K, capacity 1134K, committed 1152K, reserved 1048576K
}

