# JRE version: Java(TM) SE Runtime Environment (8.0_281-b09) (build 1.8.0_281-b09)
# Java VM: Java HotSpot(TM) 64-Bit Server VM (25.281-b09 mixed mode windows-amd64 compressed oops)
Heap:
 PSYoungGen      total 114688K, used 31639K [0x00000000d5d00000, 0x00000000ddb00000, 0x0000000100000000)
  eden space 109568K, 28% used [0x00000000d5d00000,0x00000000d7be5df8,0x00000000dc800000)
  from space 5120K, 0% used [0x00000000dd600000,0x00000000dd600000,0x00000000ddb00000)
  to   space 5120K, 0% used [0x00000000dd100000,0x00000000dd100000,0x00000000dd600000)
 ParOldGen       total 239104K, used 88684K [0x0000000081600000, 0x000000008ff80000, 0x00000000d5d00000)
  object space 239104K, 37% used [0x0000000081600000,0x0000000086c9b138,0x000000008ff80000)
 Metaspace       used 11744K, capacity 12024K, committed 12288K, reserved 1060864K
  class space    used 1374K, capacity 1465K, committed 1536K, reserved 1048576K
GC Heap History (10 events):
Event: 0.701 GC heap before
{Heap before GC invocations=3 (full 1):
 PSYoungGen      total 71680K, used 5088K [0x00000000d5d00000, 0x00000000da800000, 0x0000000100000000)
  eden space 66560K, 0% used [0x00000000d5d00000,0x00000000d5d00000,0x00000000d9e00000)
  from space 5120K, 99% used [0x00000000da300000,0x00000000da7f8010,0x00000000da800000)
  to   space 5120K, 0% used [0x00000000d9e00000,0x00000000d9e00000,0x00000000da300000)
 ParOldGen       total 87552K, used 63728K [0x0000000081600000, 0x0000000086b80000, 0x00000000d5d00000)
  object space 87552K, 72% used [0x0000000081600000,0x000000008543c158,0x0000000086b80000)
 Metaspace       used 9249K, capacity 9414K, committed 9600K, reserved 1058816K
  class space    used 1062K, capacity 1134K, committed 1152K, reserved 1048576K
Event: 0.715 GC heap after
Heap after GC invocations=3 (full 1):
 PSYoungGen      total 71680K, used 0K [0x00000000d5d00000, 0x00000000da800000, 0x0000000100000000)
  eden space 66560K, 0% used [0x00000000d5d00000,0x00000000d5d00000,0x00000000d9e00000)
  from space 5120K, 0% used [0x00000000da300000,0x00000000da300000,0x00000000da800000)
  to   space 5120K, 0% used [0x00000000d9e00000,0x00000000d9e00000,0x00000000da300000)
 ParOldGen       total 103936K, used 25250K [0x0000000081600000, 0x0000000087b80000, 0x00000000d5d00000)
  object space 103936K, 24% used [0x0000000081600000,0x0000000082ea8af8,0x0000000087b80000)
 Metaspace       used 9249K, capacity 9414K, committed 9600K, reserved 1058816K
  class space    used 1062K, capacity 1134K, committed 1152K, reserved 1048576K
}
Event: 0.845 GC heap before
{Heap before GC invocations=4 (full 1):
 PSYoungGen      total 71680K, used 64037K [0x00000000d5d00000, 0x00000000da800000, 0x0000000100000000)
  eden space 66560K, 96% used [0x00000000d5d00000,0x00000000d9b89768,0x00000000d9e00000)
  from space 5120K, 0% used [0x00000000da300000,0x00000000da300000,0x00000000da800000)
  to   space 5120K, 0% used [0x00000000d9e00000,0x00000000d9e00000,0x00000000da300000)
 ParOldGen       total 103936K, used 25250K [0x0000000081600000, 0x0000000087b80000, 0x00000000d5d00000)
  object space 103936K, 24% used [0x0000000081600000,0x0000000082ea8af8,0x0000000087b80000)
 Metaspace       used 9257K, capacity 9478K, committed 9600K, reserved 1058816K
  class space    used 1063K, capacity 1134K, committed 1152K, reserved 1048576K
Event: 0.857 GC heap after
Heap after GC invocations=4 (full 1):
 PSYoungGen      total 71680K, used 4982K [0x00000000d5d00000, 0x00000000ddb00000, 0x0000000100000000)
  eden space 66560K, 0% used [0x00000000d5d00000,0x00000000d5d00000,0x00000000d9e00000)
  from space 5120K, 97% used [0x00000000d9e00000,0x00000000da2dd820,0x00000000da300000)
  to   space 5120K, 0% used [0x00000000dd600000,0x00000000dd600000,0x00000000ddb00000)
 ParOldGen       total 103936K, used 83448K [0x0000000081600000, 0x0000000087b80000, 0x00000000d5d00000)
  object space 103936K, 80% used [0x0000000081600000,0x000000008677e070,0x0000000087b80000)
 Metaspace       used 9257K, capacity 9478K, committed 9600K, reserved 1058816K
  class space    used 1063K, capacity 1134K, committed 1152K, reserved 1048576K
}
Event: 0.857 GC heap before
{Heap before GC invocations=5 (full 2):
 PSYoungGen      total 71680K, used 4982K [0x00000000d5d00000, 0x00000000ddb00000, 0x0000000100000000)
  eden space 66560K, 0% used [0x00000000d5d00000,0x00000000d5d00000,0x00000000d9e00000)
  from space 5120K, 97% used [0x00000000d9e00000,0x00000000da2dd820,0x00000000da300000)
  to   space 5120K, 0% used [0x00000000dd600000,0x00000000dd600000,0x00000000ddb00000)
 ParOldGen       total 103936K, used 83448K [0x0000000081600000, 0x0000000087b80000, 0x00000000d5d00000)
  object space 103936K, 80% used [0x0000000081600000,0x000000008677e070,0x0000000087b80000)
 Metaspace       used 9257K, capacity 9478K, committed 9600K, reserved 1058816K
  class space    used 1063K, capacity 1134K, committed 1152K, reserved 1048576K
Event: 0.868 GC heap after
Heap after GC invocations=5 (full 2):
 PSYoungGen      total 71680K, used 0K [0x00000000d5d00000, 0x00000000ddb00000, 0x0000000100000000)
  eden space 66560K, 0% used [0x00000000d5d00000,0x00000000d5d00000,0x00000000d9e00000)
  from space 5120K, 0% used [0x00000000d9e00000,0x00000000d9e00000,0x00000000da300000)
  to   space 5120K, 0% used [0x00000000dd600000,0x00000000dd600000,0x00000000ddb00000)
 ParOldGen       total 174080K, used 56100K [0x0000000081600000, 0x000000008c000000, 0x00000000d5d00000)
  object space 174080K, 32% used [0x0000000081600000,0x0000000084cc90e8,0x000000008c000000)
 Metaspace       used 9257K, capacity 9478K, committed 9600K, reserved 1058816K
  class space    used 1063K, capacity 1134K, committed 1152K, reserved 1048576K
}
Event: 1.026 GC heap before
{Heap before GC invocations=6 (full 2):
 PSYoungGen      total 71680K, used 66560K [0x00000000d5d00000, 0x00000000ddb00000, 0x0000000100000000)
  eden space 66560K, 100% used [0x00000000d5d00000,0x00000000d9e00000,0x00000000d9e00000)
  from space 5120K, 0% used [0x00000000d9e00000,0x00000000d9e00000,0x00000000da300000)
  to   space 5120K, 0% used [0x00000000dd600000,0x00000000dd600000,0x00000000ddb00000)
 ParOldGen       total 174080K, used 56100K [0x0000000081600000, 0x000000008c000000, 0x00000000d5d00000)
  object space 174080K, 32% used [0x0000000081600000,0x0000000084cc90e8,0x000000008c000000)
 Metaspace       used 9257K, capacity 9478K, committed 9600K, reserved 1058816K
  class space    used 1063K, capacity 1134K, committed 1152K, reserved 1048576K
Event: 1.042 GC heap after
Heap after GC invocations=6 (full 2):
 PSYoungGen      total 114688K, used 4993K [0x00000000d5d00000, 0x00000000ddb00000, 0x0000000100000000)
  eden space 109568K, 0% used [0x00000000d5d00000,0x00000000d5d00000,0x00000000dc800000)
  from space 5120K, 97% used [0x00000000dd600000,0x00000000ddae0400,0x00000000ddb00000)
  to   space 5120K, 0% used [0x00000000dd100000,0x00000000dd100000,0x00000000dd600000)
 ParOldGen       total 174080K, used 120631K [0x0000000081600000, 0x000000008c000000, 0x00000000d5d00000)
  object space 174080K, 69% used [0x0000000081600000,0x0000000088bcde88,0x000000008c000000)
 Metaspace       used 9257K, capacity 9478K, committed 9600K, reserved 1058816K
  class space    used 1063K, capacity 1134K, committed 1152K, reserved 1048576K
}
Event: 1.042 GC heap before
{Heap before GC invocations=7 (full 3):
 PSYoungGen      total 114688K, used 4993K [0x00000000d5d00000, 0x00000000ddb00000, 0x0000000100000000)
  eden space 109568K, 0% used [0x00000000d5d00000,0x00000000d5d00000,0x00000000dc800000)
  from space 5120K, 97% used [0x00000000dd600000,0x00000000ddae0400,0x00000000ddb00000)
  to   space 5120K, 0% used [0x00000000dd100000,0x00000000dd100000,0x00000000dd600000)
 ParOldGen       total 174080K, used 120631K [0x0000000081600000, 0x000000008c000000, 0x00000000d5d00000)
  object space 174080K, 69% used [0x0000000081600000,0x0000000088bcde88,0x000000008c000000)
 Metaspace       used 9257K, capacity 9478K, committed 9600K, reserved 1058816K
  class space    used 1063K, capacity 1134K, committed 1152K, reserved 1048576K
Event: 1.074 GC heap after
Heap after GC invocations=7 (full 3):
 PSYoungGen      total 114688K, used 0K [0x00000000d5d00000, 0x00000000ddb00000, 0x0000000100000000)
  eden space 109568K, 0% used [0x00000000d5d00000,0x00000000d5d00000,0x00000000dc800000)
  from space 5120K, 0% used [0x00000000dd600000,0x00000000dd600000,0x00000000ddb00000)
  to   space 5120K, 0% used [0x00000000dd100000,0x00000000dd100000,0x00000000dd600000)
 ParOldGen       total 239104K, used 88684K [0x0000000081600000, 0x000000008ff80000, 0x00000000d5d00000)
  object space 239104K, 37% used [0x0000000081600000,0x0000000086c9b138,0x000000008ff80000)
 Metaspace       used 9257K, capacity 9478K, committed 9600K, reserved 1058816K
  class space    used 1063K, capacity 1134K, committed 1152K, reserved 1048576K
}

