# JRE version: Java(TM) SE Runtime Environment (8.0_281-b09) (build 1.8.0_281-b09)
# Java VM: Java HotSpot(TM) 64-Bit Server VM (25.281-b09 mixed mode windows-amd64 compressed oops)
Heap:
 PSYoungGen      total 126976K, used 33802K [0x00000000d5d00000, 0x00000000de900000, 0x0000000100000000)
  eden space 121856K, 27% used [0x00000000d5d00000,0x00000000d7e02870,0x00000000dd400000)
  from space 5120K, 0% used [0x00000000de400000,0x00000000de400000,0x00000000de900000)
  to   space 5120K, 0% used [0x00000000ddf00000,0x00000000ddf00000,0x00000000de400000)
 ParOldGen       total 232960K, used 89003K [0x0000000081600000, 0x000000008f980000, 0x00000000d5d00000)
  object space 232960K, 38% used [0x0000000081600000,0x0000000086ceaeb8,0x000000008f980000)
 Metaspace       used 11869K, capacity 12184K, committed 12288K, reserved 1060864K
  class space    used 1390K, capacity 1497K, committed 1536K, reserved 1048576K
GC Heap History (10 events):
Event: 0.719 GC heap before
{Heap before GC invocations=2 (full 0):
 PSYoungGen      total 38400K, used 32504K [0x00000000d5d00000, 0x00000000da800000, 0x0000000100000000)
  eden space 33280K, 82% used [0x00000000d5d00000,0x00000000d77c3c98,0x00000000d7d80000)
  from space 5120K, 99% used [0x00000000d7d80000,0x00000000d827a620,0x00000000d8280000)
  to   space 5120K, 0% used [0x00000000da300000,0x00000000da300000,0x00000000da800000)
 ParOldGen       total 87552K, used 28172K [0x0000000081600000, 0x0000000086b80000, 0x00000000d5d00000)
  object space 87552K, 32% used [0x0000000081600000,0x0000000083183138,0x0000000086b80000)
 Metaspace       used 9251K, capacity 9414K, committed 9600K, reserved 1058816K
  class space    used 1062K, capacity 1134K, committed 1152K, reserved 1048576K
Event: 0.729 GC heap after
Heap after GC invocations=2 (full 0):
 PSYoungGen      total 71680K, used 4958K [0x00000000d5d00000, 0x00000000da800000, 0x0000000100000000)
  eden space 66560K, 0% used [0x00000000d5d00000,0x00000000d5d00000,0x00000000d9e00000)
  from space 5120K, 96% used [0x00000000da300000,0x00000000da7d7bd0,0x00000000da800000)
  to   space 5120K, 0% used [0x00000000d9e00000,0x00000000d9e00000,0x00000000da300000)
 ParOldGen       total 87552K, used 49854K [0x0000000081600000, 0x0000000086b80000, 0x00000000d5d00000)
  object space 87552K, 56% used [0x0000000081600000,0x00000000846afaa8,0x0000000086b80000)
 Metaspace       used 9251K, capacity 9414K, committed 9600K, reserved 1058816K
  class space    used 1062K, capacity 1134K, committed 1152K, reserved 1048576K
}
Event: 0.859 GC heap before
{Heap before GC invocations=3 (full 0):
 PSYoungGen      total 71680K, used 68898K [0x00000000d5d00000, 0x00000000da800000, 0x0000000100000000)
  eden space 66560K, 96% used [0x00000000d5d00000,0x00000000d9b70f70,0x00000000d9e00000)
  from space 5120K, 96% used [0x00000000da300000,0x00000000da7d7bd0,0x00000000da800000)
  to   space 5120K, 0% used [0x00000000d9e00000,0x00000000d9e00000,0x00000000da300000)
 ParOldGen       total 87552K, used 49854K [0x0000000081600000, 0x0000000086b80000, 0x00000000d5d00000)
  object space 87552K, 56% used [0x0000000081600000,0x00000000846afaa8,0x0000000086b80000)
 Metaspace       used 9262K, capacity 9478K, committed 9600K, reserved 1058816K
  class space    used 1063K, capacity 1134K, committed 1152K, reserved 1048576K
Event: 0.881 GC heap after
Heap after GC invocations=3 (full 0):
 PSYoungGen      total 71680K, used 5048K [0x00000000d5d00000, 0x00000000de900000, 0x0000000100000000)
  eden space 66560K, 0% used [0x00000000d5d00000,0x00000000d5d00000,0x00000000d9e00000)
  from space 5120K, 98% used [0x00000000d9e00000,0x00000000da2ee1d0,0x00000000da300000)
  to   space 5120K, 0% used [0x00000000de400000,0x00000000de400000,0x00000000de900000)
 ParOldGen       total 114176K, used 113345K [0x0000000081600000, 0x0000000088580000, 0x00000000d5d00000)
  object space 114176K, 99% used [0x0000000081600000,0x00000000884b0770,0x0000000088580000)
 Metaspace       used 9262K, capacity 9478K, committed 9600K, reserved 1058816K
  class space    used 1063K, capacity 1134K, committed 1152K, reserved 1048576K
}
Event: 0.881 GC heap before
{Heap before GC invocations=4 (full 1):
 PSYoungGen      total 71680K, used 5048K [0x00000000d5d00000, 0x00000000de900000, 0x0000000100000000)
  eden space 66560K, 0% used [0x00000000d5d00000,0x00000000d5d00000,0x00000000d9e00000)
  from space 5120K, 98% used [0x00000000d9e00000,0x00000000da2ee1d0,0x00000000da300000)
  to   space 5120K, 0% used [0x00000000de400000,0x00000000de400000,0x00000000de900000)
 ParOldGen       total 114176K, used 113345K [0x0000000081600000, 0x0000000088580000, 0x00000000d5d00000)
  object space 114176K, 99% used [0x0000000081600000,0x00000000884b0770,0x0000000088580000)
 Metaspace       used 9262K, capacity 9478K, committed 9600K, reserved 1058816K
  class space    used 1063K, capacity 1134K, committed 1152K, reserved 1048576K
Event: 0.900 GC heap after
Heap after GC invocations=4 (full 1):
 PSYoungGen      total 71680K, used 0K [0x00000000d5d00000, 0x00000000de900000, 0x0000000100000000)
  eden space 66560K, 0% used [0x00000000d5d00000,0x00000000d5d00000,0x00000000d9e00000)
  from space 5120K, 0% used [0x00000000d9e00000,0x00000000d9e00000,0x00000000da300000)
  to   space 5120K, 0% used [0x00000000de400000,0x00000000de400000,0x00000000de900000)
 ParOldGen       total 162816K, used 56389K [0x0000000081600000, 0x000000008b500000, 0x00000000d5d00000)
  object space 162816K, 34% used [0x0000000081600000,0x0000000084d114c0,0x000000008b500000)
 Metaspace       used 9262K, capacity 9478K, committed 9600K, reserved 1058816K
  class space    used 1063K, capacity 1134K, committed 1152K, reserved 1048576K
}
Event: 1.062 GC heap before
{Heap before GC invocations=5 (full 1):
 PSYoungGen      total 71680K, used 66560K [0x00000000d5d00000, 0x00000000de900000, 0x0000000100000000)
  eden space 66560K, 100% used [0x00000000d5d00000,0x00000000d9e00000,0x00000000d9e00000)
  from space 5120K, 0% used [0x00000000d9e00000,0x00000000d9e00000,0x00000000da300000)
  to   space 5120K, 0% used [0x00000000de400000,0x00000000de400000,0x00000000de900000)
 ParOldGen       total 162816K, used 56389K [0x0000000081600000, 0x000000008b500000, 0x00000000d5d00000)
  object space 162816K, 34% used [0x0000000081600000,0x0000000084d114c0,0x000000008b500000)
 Metaspace       used 9262K, capacity 9478K, committed 9600K, reserved 1058816K
  class space    used 1063K, capacity 1134K, committed 1152K, reserved 1048576K
Event: 1.083 GC heap after
Heap after GC invocations=5 (full 1):
 PSYoungGen      total 126976K, used 5097K [0x00000000d5d00000, 0x00000000de900000, 0x0000000100000000)
  eden space 121856K, 0% used [0x00000000d5d00000,0x00000000d5d00000,0x00000000dd400000)
  from space 5120K, 99% used [0x00000000de400000,0x00000000de8fa530,0x00000000de900000)
  to   space 5120K, 0% used [0x00000000ddf00000,0x00000000ddf00000,0x00000000de400000)
 ParOldGen       total 162816K, used 135320K [0x0000000081600000, 0x000000008b500000, 0x00000000d5d00000)
  object space 162816K, 83% used [0x0000000081600000,0x0000000089a26170,0x000000008b500000)
 Metaspace       used 9262K, capacity 9478K, committed 9600K, reserved 1058816K
  class space    used 1063K, capacity 1134K, committed 1152K, reserved 1048576K
}
Event: 1.083 GC heap before
{Heap before GC invocations=6 (full 2):
 PSYoungGen      total 126976K, used 5097K [0x00000000d5d00000, 0x00000000de900000, 0x0000000100000000)
  eden space 121856K, 0% used [0x00000000d5d00000,0x00000000d5d00000,0x00000000dd400000)
  from space 5120K, 99% used [0x00000000de400000,0x00000000de8fa530,0x00000000de900000)
  to   space 5120K, 0% used [0x00000000ddf00000,0x00000000ddf00000,0x00000000de400000)
 ParOldGen       total 162816K, used 135320K [0x0000000081600000, 0x000000008b500000, 0x00000000d5d00000)
  object space 162816K, 83% used [0x0000000081600000,0x0000000089a26170,0x000000008b500000)
 Metaspace       used 9262K, capacity 9478K, committed 9600K, reserved 1058816K
  class space    used 1063K, capacity 1134K, committed 1152K, reserved 1048576K
Event: 1.095 GC heap after
Heap after GC invocations=6 (full 2):
 PSYoungGen      total 126976K, used 0K [0x00000000d5d00000, 0x00000000de900000, 0x0000000100000000)
  eden space 121856K, 0% used [0x00000000d5d00000,0x00000000d5d00000,0x00000000dd400000)
  from space 5120K, 0% used [0x00000000de400000,0x00000000de400000,0x00000000de900000)
  to   space 5120K, 0% used [0x00000000ddf00000,0x00000000ddf00000,0x00000000de400000)
 ParOldGen       total 232960K, used 89003K [0x0000000081600000, 0x000000008f980000, 0x00000000d5d00000)
  object space 232960K, 38% used [0x0000000081600000,0x0000000086ceaeb8,0x000000008f980000)
 Metaspace       used 9262K, capacity 9478K, committed 9600K, reserved 1058816K
  class space    used 1063K, capacity 1134K, committed 1152K, reserved 1048576K
}

