# JRE version: Java(TM) SE Runtime Environment (8.0_281-b09) (build 1.8.0_281-b09)
# Java VM: Java HotSpot(TM) 64-Bit Server VM (25.281-b09 mixed mode windows-amd64 compressed oops)
Heap:
 PSYoungGen      total 130048K, used 35362K [0x00000000d5d00000, 0x00000000de900000, 0x0000000100000000)
  eden space 124928K, 28% used [0x00000000d5d00000,0x00000000d7f88880,0x00000000dd700000)
  from space 5120K, 0% used [0x00000000de400000,0x00000000de400000,0x00000000de900000)
  to   space 5120K, 0% used [0x00000000ddf00000,0x00000000ddf00000,0x00000000de400000)
 ParOldGen       total 216064K, used 88264K [0x0000000081600000, 0x000000008e900000, 0x00000000d5d00000)
  object space 216064K, 40% used [0x0000000081600000,0x0000000086c32058,0x000000008e900000)
 Metaspace       used 13465K, capacity 13706K, committed 13952K, reserved 1060864K
  class space    used 1604K, capacity 1660K, committed 1664K, reserved 1048576K
GC Heap History (10 events):
Event: 1.006 GC heap before
{Heap before GC invocations=2 (full 0):
 PSYoungGen      total 38400K, used 32719K [0x00000000d5d00000, 0x00000000da800000, 0x0000000100000000)
  eden space 33280K, 82% used [0x00000000d5d00000,0x00000000d77f7f90,0x00000000d7d80000)
  from space 5120K, 99% used [0x00000000d7d80000,0x00000000d827c020,0x00000000d8280000)
  to   space 5120K, 0% used [0x00000000da300000,0x00000000da300000,0x00000000da800000)
 ParOldGen       total 87552K, used 28308K [0x0000000081600000, 0x0000000086b80000, 0x00000000d5d00000)
  object space 87552K, 32% used [0x0000000081600000,0x00000000831a5210,0x0000000086b80000)
 Metaspace       used 9245K, capacity 9414K, committed 9600K, reserved 1058816K
  class space    used 1063K, capacity 1134K, committed 1152K, reserved 1048576K
Event: 1.020 GC heap after
Heap after GC invocations=2 (full 0):
 PSYoungGen      total 71680K, used 5104K [0x00000000d5d00000, 0x00000000da800000, 0x0000000100000000)
  eden space 66560K, 0% used [0x00000000d5d00000,0x00000000d5d00000,0x00000000d9e00000)
  from space 5120K, 99% used [0x00000000da300000,0x00000000da7fc020,0x00000000da800000)
  to   space 5120K, 0% used [0x00000000d9e00000,0x00000000d9e00000,0x00000000da300000)
 ParOldGen       total 87552K, used 55757K [0x0000000081600000, 0x0000000086b80000, 0x00000000d5d00000)
  object space 87552K, 63% used [0x0000000081600000,0x0000000084c73430,0x0000000086b80000)
 Metaspace       used 9245K, capacity 9414K, committed 9600K, reserved 1058816K
  class space    used 1063K, capacity 1134K, committed 1152K, reserved 1048576K
}
Event: 1.164 GC heap before
{Heap before GC invocations=3 (full 0):
 PSYoungGen      total 71680K, used 68923K [0x00000000d5d00000, 0x00000000da800000, 0x0000000100000000)
  eden space 66560K, 95% used [0x00000000d5d00000,0x00000000d9b52ee0,0x00000000d9e00000)
  from space 5120K, 99% used [0x00000000da300000,0x00000000da7fc020,0x00000000da800000)
  to   space 5120K, 0% used [0x00000000d9e00000,0x00000000d9e00000,0x00000000da300000)
 ParOldGen       total 87552K, used 55757K [0x0000000081600000, 0x0000000086b80000, 0x00000000d5d00000)
  object space 87552K, 63% used [0x0000000081600000,0x0000000084c73430,0x0000000086b80000)
 Metaspace       used 9258K, capacity 9478K, committed 9600K, reserved 1058816K
  class space    used 1064K, capacity 1134K, committed 1152K, reserved 1048576K
Event: 1.188 GC heap after
Heap after GC invocations=3 (full 0):
 PSYoungGen      total 71680K, used 4232K [0x00000000d5d00000, 0x00000000de900000, 0x0000000100000000)
  eden space 66560K, 0% used [0x00000000d5d00000,0x00000000d5d00000,0x00000000d9e00000)
  from space 5120K, 82% used [0x00000000d9e00000,0x00000000da222010,0x00000000da300000)
  to   space 5120K, 0% used [0x00000000de400000,0x00000000de400000,0x00000000de900000)
 ParOldGen       total 131584K, used 128666K [0x0000000081600000, 0x0000000089680000, 0x00000000d5d00000)
  object space 131584K, 97% used [0x0000000081600000,0x00000000893a6a68,0x0000000089680000)
 Metaspace       used 9258K, capacity 9478K, committed 9600K, reserved 1058816K
  class space    used 1064K, capacity 1134K, committed 1152K, reserved 1048576K
}
Event: 1.188 GC heap before
{Heap before GC invocations=4 (full 1):
 PSYoungGen      total 71680K, used 4232K [0x00000000d5d00000, 0x00000000de900000, 0x0000000100000000)
  eden space 66560K, 0% used [0x00000000d5d00000,0x00000000d5d00000,0x00000000d9e00000)
  from space 5120K, 82% used [0x00000000d9e00000,0x00000000da222010,0x00000000da300000)
  to   space 5120K, 0% used [0x00000000de400000,0x00000000de400000,0x00000000de900000)
 ParOldGen       total 131584K, used 128666K [0x0000000081600000, 0x0000000089680000, 0x00000000d5d00000)
  object space 131584K, 97% used [0x0000000081600000,0x00000000893a6a68,0x0000000089680000)
 Metaspace       used 9258K, capacity 9478K, committed 9600K, reserved 1058816K
  class space    used 1064K, capacity 1134K, committed 1152K, reserved 1048576K
Event: 1.206 GC heap after
Heap after GC invocations=4 (full 1):
 PSYoungGen      total 71680K, used 0K [0x00000000d5d00000, 0x00000000de900000, 0x0000000100000000)
  eden space 66560K, 0% used [0x00000000d5d00000,0x00000000d5d00000,0x00000000d9e00000)
  from space 5120K, 0% used [0x00000000d9e00000,0x00000000d9e00000,0x00000000da300000)
  to   space 5120K, 0% used [0x00000000de400000,0x00000000de400000,0x00000000de900000)
 ParOldGen       total 166912K, used 56406K [0x0000000081600000, 0x000000008b900000, 0x00000000d5d00000)
  object space 166912K, 33% used [0x0000000081600000,0x0000000084d159b8,0x000000008b900000)
 Metaspace       used 9258K, capacity 9478K, committed 9600K, reserved 1058816K
  class space    used 1064K, capacity 1134K, committed 1152K, reserved 1048576K
}
Event: 1.373 GC heap before
{Heap before GC invocations=5 (full 1):
 PSYoungGen      total 71680K, used 66126K [0x00000000d5d00000, 0x00000000de900000, 0x0000000100000000)
  eden space 66560K, 99% used [0x00000000d5d00000,0x00000000d9d93958,0x00000000d9e00000)
  from space 5120K, 0% used [0x00000000d9e00000,0x00000000d9e00000,0x00000000da300000)
  to   space 5120K, 0% used [0x00000000de400000,0x00000000de400000,0x00000000de900000)
 ParOldGen       total 166912K, used 56406K [0x0000000081600000, 0x000000008b900000, 0x00000000d5d00000)
  object space 166912K, 33% used [0x0000000081600000,0x0000000084d159b8,0x000000008b900000)
 Metaspace       used 9258K, capacity 9478K, committed 9600K, reserved 1058816K
  class space    used 1064K, capacity 1134K, committed 1152K, reserved 1048576K
Event: 1.387 GC heap after
Heap after GC invocations=5 (full 1):
 PSYoungGen      total 130048K, used 5025K [0x00000000d5d00000, 0x00000000de900000, 0x0000000100000000)
  eden space 124928K, 0% used [0x00000000d5d00000,0x00000000d5d00000,0x00000000dd700000)
  from space 5120K, 98% used [0x00000000de400000,0x00000000de8e8400,0x00000000de900000)
  to   space 5120K, 0% used [0x00000000ddf00000,0x00000000ddf00000,0x00000000de400000)
 ParOldGen       total 166912K, used 117611K [0x0000000081600000, 0x000000008b900000, 0x00000000d5d00000)
  object space 166912K, 70% used [0x0000000081600000,0x00000000888dacc8,0x000000008b900000)
 Metaspace       used 9258K, capacity 9478K, committed 9600K, reserved 1058816K
  class space    used 1064K, capacity 1134K, committed 1152K, reserved 1048576K
}
Event: 1.388 GC heap before
{Heap before GC invocations=6 (full 2):
 PSYoungGen      total 130048K, used 5025K [0x00000000d5d00000, 0x00000000de900000, 0x0000000100000000)
  eden space 124928K, 0% used [0x00000000d5d00000,0x00000000d5d00000,0x00000000dd700000)
  from space 5120K, 98% used [0x00000000de400000,0x00000000de8e8400,0x00000000de900000)
  to   space 5120K, 0% used [0x00000000ddf00000,0x00000000ddf00000,0x00000000de400000)
 ParOldGen       total 166912K, used 117611K [0x0000000081600000, 0x000000008b900000, 0x00000000d5d00000)
  object space 166912K, 70% used [0x0000000081600000,0x00000000888dacc8,0x000000008b900000)
 Metaspace       used 9258K, capacity 9478K, committed 9600K, reserved 1058816K
  class space    used 1064K, capacity 1134K, committed 1152K, reserved 1048576K
Event: 1.399 GC heap after
Heap after GC invocations=6 (full 2):
 PSYoungGen      total 130048K, used 0K [0x00000000d5d00000, 0x00000000de900000, 0x0000000100000000)
  eden space 124928K, 0% used [0x00000000d5d00000,0x00000000d5d00000,0x00000000dd700000)
  from space 5120K, 0% used [0x00000000de400000,0x00000000de400000,0x00000000de900000)
  to   space 5120K, 0% used [0x00000000ddf00000,0x00000000ddf00000,0x00000000de400000)
 ParOldGen       total 216064K, used 88264K [0x0000000081600000, 0x000000008e900000, 0x00000000d5d00000)
  object space 216064K, 40% used [0x0000000081600000,0x0000000086c32058,0x000000008e900000)
 Metaspace       used 9258K, capacity 9478K, committed 9600K, reserved 1058816K
  class space    used 1064K, capacity 1134K, committed 1152K, reserved 1048576K
}

