# JRE version: Java(TM) SE Runtime Environment (8.0_281-b09) (build 1.8.0_281-b09)
# Java VM: Java HotSpot(TM) 64-Bit Server VM (25.281-b09 mixed mode windows-amd64 compressed oops)
Heap:
 PSYoungGen      total 124928K, used 25275K [0x00000000d5d00000, 0x00000000de100000, 0x0000000100000000)
  eden space 119808K, 21% used [0x00000000d5d00000,0x00000000d75aef50,0x00000000dd200000)
  from space 5120K, 0% used [0x00000000ddc00000,0x00000000ddc00000,0x00000000de100000)
  to   space 5120K, 0% used [0x00000000dd700000,0x00000000dd700000,0x00000000ddc00000)
 ParOldGen       total 226304K, used 88685K [0x0000000081600000, 0x000000008f300000, 0x00000000d5d00000)
  object space 226304K, 39% used [0x0000000081600000,0x0000000086c9b460,0x000000008f300000)
 Metaspace       used 13593K, capacity 13898K, committed 14080K, reserved 1060864K
  class space    used 1645K, capacity 1724K, committed 1792K, reserved 1048576K
GC Heap History (10 events):
Event: 0.819 GC heap before
{Heap before GC invocations=3 (full 1):
 PSYoungGen      total 71680K, used 5026K [0x00000000d5d00000, 0x00000000da800000, 0x0000000100000000)
  eden space 66560K, 0% used [0x00000000d5d00000,0x00000000d5d00000,0x00000000d9e00000)
  from space 5120K, 98% used [0x00000000da300000,0x00000000da7e8800,0x00000000da800000)
  to   space 5120K, 0% used [0x00000000d9e00000,0x00000000d9e00000,0x00000000da300000)
 ParOldGen       total 87552K, used 52845K [0x0000000081600000, 0x0000000086b80000, 0x00000000d5d00000)
  object space 87552K, 60% used [0x0000000081600000,0x000000008499b6c0,0x0000000086b80000)
 Metaspace       used 9260K, capacity 9414K, committed 9600K, reserved 1058816K
  class space    used 1063K, capacity 1134K, committed 1152K, reserved 1048576K
Event: 0.830 GC heap after
Heap after GC invocations=3 (full 1):
 PSYoungGen      total 71680K, used 0K [0x00000000d5d00000, 0x00000000da800000, 0x0000000100000000)
  eden space 66560K, 0% used [0x00000000d5d00000,0x00000000d5d00000,0x00000000d9e00000)
  from space 5120K, 0% used [0x00000000da300000,0x00000000da300000,0x00000000da800000)
  to   space 5120K, 0% used [0x00000000d9e00000,0x00000000d9e00000,0x00000000da300000)
 ParOldGen       total 99840K, used 25557K [0x0000000081600000, 0x0000000087780000, 0x00000000d5d00000)
  object space 99840K, 25% used [0x0000000081600000,0x0000000082ef56f8,0x0000000087780000)
 Metaspace       used 9260K, capacity 9414K, committed 9600K, reserved 1058816K
  class space    used 1063K, capacity 1134K, committed 1152K, reserved 1048576K
}
Event: 0.963 GC heap before
{Heap before GC invocations=4 (full 1):
 PSYoungGen      total 71680K, used 63938K [0x00000000d5d00000, 0x00000000da800000, 0x0000000100000000)
  eden space 66560K, 96% used [0x00000000d5d00000,0x00000000d9b709f0,0x00000000d9e00000)
  from space 5120K, 0% used [0x00000000da300000,0x00000000da300000,0x00000000da800000)
  to   space 5120K, 0% used [0x00000000d9e00000,0x00000000d9e00000,0x00000000da300000)
 ParOldGen       total 99840K, used 25557K [0x0000000081600000, 0x0000000087780000, 0x00000000d5d00000)
  object space 99840K, 25% used [0x0000000081600000,0x0000000082ef56f8,0x0000000087780000)
 Metaspace       used 9269K, capacity 9478K, committed 9600K, reserved 1058816K
  class space    used 1064K, capacity 1134K, committed 1152K, reserved 1048576K
Event: 0.980 GC heap after
Heap after GC invocations=4 (full 1):
 PSYoungGen      total 71680K, used 4982K [0x00000000d5d00000, 0x00000000de100000, 0x0000000100000000)
  eden space 66560K, 0% used [0x00000000d5d00000,0x00000000d5d00000,0x00000000d9e00000)
  from space 5120K, 97% used [0x00000000d9e00000,0x00000000da2dd820,0x00000000da300000)
  to   space 5120K, 0% used [0x00000000ddc00000,0x00000000ddc00000,0x00000000de100000)
 ParOldGen       total 99840K, used 82062K [0x0000000081600000, 0x0000000087780000, 0x00000000d5d00000)
  object space 99840K, 82% used [0x0000000081600000,0x00000000866239c0,0x0000000087780000)
 Metaspace       used 9269K, capacity 9478K, committed 9600K, reserved 1058816K
  class space    used 1064K, capacity 1134K, committed 1152K, reserved 1048576K
}
Event: 0.980 GC heap before
{Heap before GC invocations=5 (full 2):
 PSYoungGen      total 71680K, used 4982K [0x00000000d5d00000, 0x00000000de100000, 0x0000000100000000)
  eden space 66560K, 0% used [0x00000000d5d00000,0x00000000d5d00000,0x00000000d9e00000)
  from space 5120K, 97% used [0x00000000d9e00000,0x00000000da2dd820,0x00000000da300000)
  to   space 5120K, 0% used [0x00000000ddc00000,0x00000000ddc00000,0x00000000de100000)
 ParOldGen       total 99840K, used 82062K [0x0000000081600000, 0x0000000087780000, 0x00000000d5d00000)
  object space 99840K, 82% used [0x0000000081600000,0x00000000866239c0,0x0000000087780000)
 Metaspace       used 9269K, capacity 9478K, committed 9600K, reserved 1058816K
  class space    used 1064K, capacity 1134K, committed 1152K, reserved 1048576K
Event: 0.986 GC heap after
Heap after GC invocations=5 (full 2):
 PSYoungGen      total 71680K, used 0K [0x00000000d5d00000, 0x00000000de100000, 0x0000000100000000)
  eden space 66560K, 0% used [0x00000000d5d00000,0x00000000d5d00000,0x00000000d9e00000)
  from space 5120K, 0% used [0x00000000d9e00000,0x00000000d9e00000,0x00000000da300000)
  to   space 5120K, 0% used [0x00000000ddc00000,0x00000000ddc00000,0x00000000de100000)
 ParOldGen       total 165376K, used 56440K [0x0000000081600000, 0x000000008b780000, 0x00000000d5d00000)
  object space 165376K, 34% used [0x0000000081600000,0x0000000084d1e378,0x000000008b780000)
 Metaspace       used 9269K, capacity 9478K, committed 9600K, reserved 1058816K
  class space    used 1064K, capacity 1134K, committed 1152K, reserved 1048576K
}
Event: 1.147 GC heap before
{Heap before GC invocations=6 (full 2):
 PSYoungGen      total 71680K, used 66560K [0x00000000d5d00000, 0x00000000de100000, 0x0000000100000000)
  eden space 66560K, 100% used [0x00000000d5d00000,0x00000000d9e00000,0x00000000d9e00000)
  from space 5120K, 0% used [0x00000000d9e00000,0x00000000d9e00000,0x00000000da300000)
  to   space 5120K, 0% used [0x00000000ddc00000,0x00000000ddc00000,0x00000000de100000)
 ParOldGen       total 165376K, used 56440K [0x0000000081600000, 0x000000008b780000, 0x00000000d5d00000)
  object space 165376K, 34% used [0x0000000081600000,0x0000000084d1e378,0x000000008b780000)
 Metaspace       used 9269K, capacity 9478K, committed 9600K, reserved 1058816K
  class space    used 1064K, capacity 1134K, committed 1152K, reserved 1048576K
Event: 1.165 GC heap after
Heap after GC invocations=6 (full 2):
 PSYoungGen      total 124928K, used 5097K [0x00000000d5d00000, 0x00000000de100000, 0x0000000100000000)
  eden space 119808K, 0% used [0x00000000d5d00000,0x00000000d5d00000,0x00000000dd200000)
  from space 5120K, 99% used [0x00000000ddc00000,0x00000000de0fa530,0x00000000de100000)
  to   space 5120K, 0% used [0x00000000dd700000,0x00000000dd700000,0x00000000ddc00000)
 ParOldGen       total 165376K, used 122301K [0x0000000081600000, 0x000000008b780000, 0x00000000d5d00000)
  object space 165376K, 73% used [0x0000000081600000,0x0000000088d6f798,0x000000008b780000)
 Metaspace       used 9269K, capacity 9478K, committed 9600K, reserved 1058816K
  class space    used 1064K, capacity 1134K, committed 1152K, reserved 1048576K
}
Event: 1.165 GC heap before
{Heap before GC invocations=7 (full 3):
 PSYoungGen      total 124928K, used 5097K [0x00000000d5d00000, 0x00000000de100000, 0x0000000100000000)
  eden space 119808K, 0% used [0x00000000d5d00000,0x00000000d5d00000,0x00000000dd200000)
  from space 5120K, 99% used [0x00000000ddc00000,0x00000000de0fa530,0x00000000de100000)
  to   space 5120K, 0% used [0x00000000dd700000,0x00000000dd700000,0x00000000ddc00000)
 ParOldGen       total 165376K, used 122301K [0x0000000081600000, 0x000000008b780000, 0x00000000d5d00000)
  object space 165376K, 73% used [0x0000000081600000,0x0000000088d6f798,0x000000008b780000)
 Metaspace       used 9269K, capacity 9478K, committed 9600K, reserved 1058816K
  class space    used 1064K, capacity 1134K, committed 1152K, reserved 1048576K
Event: 1.193 GC heap after
Heap after GC invocations=7 (full 3):
 PSYoungGen      total 124928K, used 0K [0x00000000d5d00000, 0x00000000de100000, 0x0000000100000000)
  eden space 119808K, 0% used [0x00000000d5d00000,0x00000000d5d00000,0x00000000dd200000)
  from space 5120K, 0% used [0x00000000ddc00000,0x00000000ddc00000,0x00000000de100000)
  to   space 5120K, 0% used [0x00000000dd700000,0x00000000dd700000,0x00000000ddc00000)
 ParOldGen       total 226304K, used 88685K [0x0000000081600000, 0x000000008f300000, 0x00000000d5d00000)
  object space 226304K, 39% used [0x0000000081600000,0x0000000086c9b460,0x000000008f300000)
 Metaspace       used 9269K, capacity 9478K, committed 9600K, reserved 1058816K
  class space    used 1064K, capacity 1134K, committed 1152K, reserved 1048576K
}

