# JRE version: Java(TM) SE Runtime Environment (8.0_281-b09) (build 1.8.0_281-b09)
# Java VM: Java HotSpot(TM) 64-Bit Server VM (25.281-b09 mixed mode windows-amd64 compressed oops)
Heap:
 PSYoungGen      total 129024K, used 25321K [0x00000000d5d00000, 0x00000000de900000, 0x0000000100000000)
  eden space 123904K, 20% used [0x00000000d5d00000,0x00000000d75ba490,0x00000000dd600000)
  from space 5120K, 0% used [0x00000000de400000,0x00000000de400000,0x00000000de900000)
  to   space 5120K, 0% used [0x00000000ddf00000,0x00000000ddf00000,0x00000000de400000)
 ParOldGen       total 210944K, used 89023K [0x0000000081600000, 0x000000008e400000, 0x00000000d5d00000)
  object space 210944K, 42% used [0x0000000081600000,0x0000000086cefcf8,0x000000008e400000)
 Metaspace       used 11583K, capacity 11864K, committed 12032K, reserved 1060864K
  class space    used 1353K, capacity 1433K, committed 1536K, reserved 1048576K
GC Heap History (10 events):
Event: 1.231 GC heap before
{Heap before GC invocations=2 (full 0):
 PSYoungGen      total 38400K, used 32506K [0x00000000d5d00000, 0x00000000da800000, 0x0000000100000000)
  eden space 33280K, 82% used [0x00000000d5d00000,0x00000000d77c4200,0x00000000d7d80000)
  from space 5120K, 99% used [0x00000000d7d80000,0x00000000d827a620,0x00000000d8280000)
  to   space 5120K, 0% used [0x00000000da300000,0x00000000da300000,0x00000000da800000)
 ParOldGen       total 87552K, used 24383K [0x0000000081600000, 0x0000000086b80000, 0x00000000d5d00000)
  object space 87552K, 27% used [0x0000000081600000,0x0000000082dcffe8,0x0000000086b80000)
 Metaspace       used 9244K, capacity 9414K, committed 9600K, reserved 1058816K
  class space    used 1062K, capacity 1134K, committed 1152K, reserved 1048576K
Event: 1.246 GC heap after
Heap after GC invocations=2 (full 0):
 PSYoungGen      total 71680K, used 5097K [0x00000000d5d00000, 0x00000000da800000, 0x0000000100000000)
  eden space 66560K, 0% used [0x00000000d5d00000,0x00000000d5d00000,0x00000000d9e00000)
  from space 5120K, 99% used [0x00000000da300000,0x00000000da7fa640,0x00000000da800000)
  to   space 5120K, 0% used [0x00000000d9e00000,0x00000000d9e00000,0x00000000da300000)
 ParOldGen       total 87552K, used 48483K [0x0000000081600000, 0x0000000086b80000, 0x00000000d5d00000)
  object space 87552K, 55% used [0x0000000081600000,0x0000000084558d88,0x0000000086b80000)
 Metaspace       used 9244K, capacity 9414K, committed 9600K, reserved 1058816K
  class space    used 1062K, capacity 1134K, committed 1152K, reserved 1048576K
}
Event: 1.393 GC heap before
{Heap before GC invocations=3 (full 0):
 PSYoungGen      total 71680K, used 69037K [0x00000000d5d00000, 0x00000000da800000, 0x0000000100000000)
  eden space 66560K, 96% used [0x00000000d5d00000,0x00000000d9b70f40,0x00000000d9e00000)
  from space 5120K, 99% used [0x00000000da300000,0x00000000da7fa640,0x00000000da800000)
  to   space 5120K, 0% used [0x00000000d9e00000,0x00000000d9e00000,0x00000000da300000)
 ParOldGen       total 87552K, used 48483K [0x0000000081600000, 0x0000000086b80000, 0x00000000d5d00000)
  object space 87552K, 55% used [0x0000000081600000,0x0000000084558d88,0x0000000086b80000)
 Metaspace       used 9256K, capacity 9478K, committed 9600K, reserved 1058816K
  class space    used 1063K, capacity 1134K, committed 1152K, reserved 1048576K
Event: 1.419 GC heap after
Heap after GC invocations=3 (full 0):
 PSYoungGen      total 71680K, used 5097K [0x00000000d5d00000, 0x00000000de900000, 0x0000000100000000)
  eden space 66560K, 0% used [0x00000000d5d00000,0x00000000d5d00000,0x00000000d9e00000)
  from space 5120K, 99% used [0x00000000d9e00000,0x00000000da2fa640,0x00000000da300000)
  to   space 5120K, 0% used [0x00000000de400000,0x00000000de400000,0x00000000de900000)
 ParOldGen       total 113152K, used 111907K [0x0000000081600000, 0x0000000088480000, 0x00000000d5d00000)
  object space 113152K, 98% used [0x0000000081600000,0x0000000088348d40,0x0000000088480000)
 Metaspace       used 9256K, capacity 9478K, committed 9600K, reserved 1058816K
  class space    used 1063K, capacity 1134K, committed 1152K, reserved 1048576K
}
Event: 1.419 GC heap before
{Heap before GC invocations=4 (full 1):
 PSYoungGen      total 71680K, used 5097K [0x00000000d5d00000, 0x00000000de900000, 0x0000000100000000)
  eden space 66560K, 0% used [0x00000000d5d00000,0x00000000d5d00000,0x00000000d9e00000)
  from space 5120K, 99% used [0x00000000d9e00000,0x00000000da2fa640,0x00000000da300000)
  to   space 5120K, 0% used [0x00000000de400000,0x00000000de400000,0x00000000de900000)
 ParOldGen       total 113152K, used 111907K [0x0000000081600000, 0x0000000088480000, 0x00000000d5d00000)
  object space 113152K, 98% used [0x0000000081600000,0x0000000088348d40,0x0000000088480000)
 Metaspace       used 9256K, capacity 9478K, committed 9600K, reserved 1058816K
  class space    used 1063K, capacity 1134K, committed 1152K, reserved 1048576K
Event: 1.441 GC heap after
Heap after GC invocations=4 (full 1):
 PSYoungGen      total 71680K, used 0K [0x00000000d5d00000, 0x00000000de900000, 0x0000000100000000)
  eden space 66560K, 0% used [0x00000000d5d00000,0x00000000d5d00000,0x00000000d9e00000)
  from space 5120K, 0% used [0x00000000d9e00000,0x00000000d9e00000,0x00000000da300000)
  to   space 5120K, 0% used [0x00000000de400000,0x00000000de400000,0x00000000de900000)
 ParOldGen       total 157696K, used 56404K [0x0000000081600000, 0x000000008b000000, 0x00000000d5d00000)
  object space 157696K, 35% used [0x0000000081600000,0x0000000084d15100,0x000000008b000000)
 Metaspace       used 9256K, capacity 9478K, committed 9600K, reserved 1058816K
  class space    used 1063K, capacity 1134K, committed 1152K, reserved 1048576K
}
Event: 1.642 GC heap before
{Heap before GC invocations=5 (full 1):
 PSYoungGen      total 71680K, used 66560K [0x00000000d5d00000, 0x00000000de900000, 0x0000000100000000)
  eden space 66560K, 100% used [0x00000000d5d00000,0x00000000d9e00000,0x00000000d9e00000)
  from space 5120K, 0% used [0x00000000d9e00000,0x00000000d9e00000,0x00000000da300000)
  to   space 5120K, 0% used [0x00000000de400000,0x00000000de400000,0x00000000de900000)
 ParOldGen       total 157696K, used 56404K [0x0000000081600000, 0x000000008b000000, 0x00000000d5d00000)
  object space 157696K, 35% used [0x0000000081600000,0x0000000084d15100,0x000000008b000000)
 Metaspace       used 9256K, capacity 9478K, committed 9600K, reserved 1058816K
  class space    used 1063K, capacity 1134K, committed 1152K, reserved 1048576K
Event: 1.655 GC heap after
Heap after GC invocations=5 (full 1):
 PSYoungGen      total 129024K, used 4642K [0x00000000d5d00000, 0x00000000de900000, 0x0000000100000000)
  eden space 123904K, 0% used [0x00000000d5d00000,0x00000000d5d00000,0x00000000dd600000)
  from space 5120K, 90% used [0x00000000de400000,0x00000000de888bf0,0x00000000de900000)
  to   space 5120K, 0% used [0x00000000ddf00000,0x00000000ddf00000,0x00000000de400000)
 ParOldGen       total 157696K, used 117727K [0x0000000081600000, 0x000000008b000000, 0x00000000d5d00000)
  object space 157696K, 74% used [0x0000000081600000,0x00000000888f7c50,0x000000008b000000)
 Metaspace       used 9256K, capacity 9478K, committed 9600K, reserved 1058816K
  class space    used 1063K, capacity 1134K, committed 1152K, reserved 1048576K
}
Event: 1.655 GC heap before
{Heap before GC invocations=6 (full 2):
 PSYoungGen      total 129024K, used 4642K [0x00000000d5d00000, 0x00000000de900000, 0x0000000100000000)
  eden space 123904K, 0% used [0x00000000d5d00000,0x00000000d5d00000,0x00000000dd600000)
  from space 5120K, 90% used [0x00000000de400000,0x00000000de888bf0,0x00000000de900000)
  to   space 5120K, 0% used [0x00000000ddf00000,0x00000000ddf00000,0x00000000de400000)
 ParOldGen       total 157696K, used 117727K [0x0000000081600000, 0x000000008b000000, 0x00000000d5d00000)
  object space 157696K, 74% used [0x0000000081600000,0x00000000888f7c50,0x000000008b000000)
 Metaspace       used 9256K, capacity 9478K, committed 9600K, reserved 1058816K
  class space    used 1063K, capacity 1134K, committed 1152K, reserved 1048576K
Event: 1.661 GC heap after
Heap after GC invocations=6 (full 2):
 PSYoungGen      total 129024K, used 0K [0x00000000d5d00000, 0x00000000de900000, 0x0000000100000000)
  eden space 123904K, 0% used [0x00000000d5d00000,0x00000000d5d00000,0x00000000dd600000)
  from space 5120K, 0% used [0x00000000de400000,0x00000000de400000,0x00000000de900000)
  to   space 5120K, 0% used [0x00000000ddf00000,0x00000000ddf00000,0x00000000de400000)
 ParOldGen       total 210944K, used 89023K [0x0000000081600000, 0x000000008e400000, 0x00000000d5d00000)
  object space 210944K, 42% used [0x0000000081600000,0x0000000086cefcf8,0x000000008e400000)
 Metaspace       used 9256K, capacity 9478K, committed 9600K, reserved 1058816K
  class space    used 1063K, capacity 1134K, committed 1152K, reserved 1048576K
}

