# JRE version: Java(TM) SE Runtime Environment (8.0_281-b09) (build 1.8.0_281-b09)
# Java VM: Java HotSpot(TM) 64-Bit Server VM (25.281-b09 mixed mode windows-amd64 compressed oops)
Heap:
 PSYoungGen      total 38400K, used 29960K [0x00000000d5d00000, 0x00000000d9d00000, 0x0000000100000000)
  eden space 33280K, 90% used [0x00000000d5d00000,0x00000000d7a42148,0x00000000d7d80000)
  from space 5120K, 0% used [0x00000000d7d80000,0x00000000d7d80000,0x00000000d8280000)
  to   space 5120K, 0% used [0x00000000d8280000,0x00000000d8280000,0x00000000d8780000)
 ParOldGen       total 62976K, used 58449K [0x0000000081600000, 0x0000000085380000, 0x00000000d5d00000)
  object space 62976K, 92% used [0x0000000081600000,0x0000000084f14690,0x0000000085380000)
 Metaspace       used 7902K, capacity 8076K, committed 8576K, reserved 1069056K
  class space    used 981K, capacity 1066K, committed 1152K, reserved 1048576K
GC Heap History (10 events):
Event: 0.388 GC heap before
{Heap before GC invocations=4 (full 2):
 PSYoungGen      total 38400K, used 3794K [0x00000000d5d00000, 0x00000000d9d00000, 0x0000000100000000)
  eden space 33280K, 0% used [0x00000000d5d00000,0x00000000d5d00000,0x00000000d7d80000)
  from space 5120K, 74% used [0x00000000d8280000,0x00000000d86348a0,0x00000000d8780000)
  to   space 5120K, 0% used [0x00000000d7d80000,0x00000000d7d80000,0x00000000d8280000)
 ParOldGen       total 62976K, used 38850K [0x0000000081600000, 0x0000000085380000, 0x00000000d5d00000)
  object space 62976K, 61% used [0x0000000081600000,0x0000000083bf0998,0x0000000085380000)
 Metaspace       used 7088K, capacity 7226K, committed 7680K, reserved 1067008K
  class space    used 860K, capacity 935K, committed 1024K, reserved 1048576K
Event: 0.394 GC heap after
Heap after GC invocations=4 (full 2):
 PSYoungGen      total 38400K, used 0K [0x00000000d5d00000, 0x00000000d9d00000, 0x0000000100000000)
  eden space 33280K, 0% used [0x00000000d5d00000,0x00000000d5d00000,0x00000000d7d80000)
  from space 5120K, 0% used [0x00000000d8280000,0x00000000d8280000,0x00000000d8780000)
  to   space 5120K, 0% used [0x00000000d7d80000,0x00000000d7d80000,0x00000000d8280000)
 ParOldGen       total 62976K, used 18720K [0x0000000081600000, 0x0000000085380000, 0x00000000d5d00000)
  object space 62976K, 29% used [0x0000000081600000,0x00000000828483e8,0x0000000085380000)
 Metaspace       used 7088K, capacity 7226K, committed 7680K, reserved 1067008K
  class space    used 860K, capacity 935K, committed 1024K, reserved 1048576K
}
Event: 0.452 GC heap before
{Heap before GC invocations=5 (full 2):
 PSYoungGen      total 38400K, used 33280K [0x00000000d5d00000, 0x00000000d9d00000, 0x0000000100000000)
  eden space 33280K, 100% used [0x00000000d5d00000,0x00000000d7d80000,0x00000000d7d80000)
  from space 5120K, 0% used [0x00000000d8280000,0x00000000d8280000,0x00000000d8780000)
  to   space 5120K, 0% used [0x00000000d7d80000,0x00000000d7d80000,0x00000000d8280000)
 ParOldGen       total 62976K, used 18720K [0x0000000081600000, 0x0000000085380000, 0x00000000d5d00000)
  object space 62976K, 29% used [0x0000000081600000,0x00000000828483e8,0x0000000085380000)
 Metaspace       used 7088K, capacity 7226K, committed 7680K, reserved 1067008K
  class space    used 860K, capacity 935K, committed 1024K, reserved 1048576K
Event: 0.466 GC heap after
Heap after GC invocations=5 (full 2):
 PSYoungGen      total 38400K, used 5022K [0x00000000d5d00000, 0x00000000d9d00000, 0x0000000100000000)
  eden space 33280K, 0% used [0x00000000d5d00000,0x00000000d5d00000,0x00000000d7d80000)
  from space 5120K, 98% used [0x00000000d7d80000,0x00000000d8267ab0,0x00000000d8280000)
  to   space 5120K, 0% used [0x00000000d8280000,0x00000000d8280000,0x00000000d8780000)
 ParOldGen       total 62976K, used 61308K [0x0000000081600000, 0x0000000085380000, 0x00000000d5d00000)
  object space 62976K, 97% used [0x0000000081600000,0x00000000851df378,0x0000000085380000)
 Metaspace       used 7088K, capacity 7226K, committed 7680K, reserved 1067008K
  class space    used 860K, capacity 935K, committed 1024K, reserved 1048576K
}
Event: 0.466 GC heap before
{Heap before GC invocations=6 (full 3):
 PSYoungGen      total 38400K, used 5022K [0x00000000d5d00000, 0x00000000d9d00000, 0x0000000100000000)
  eden space 33280K, 0% used [0x00000000d5d00000,0x00000000d5d00000,0x00000000d7d80000)
  from space 5120K, 98% used [0x00000000d7d80000,0x00000000d8267ab0,0x00000000d8280000)
  to   space 5120K, 0% used [0x00000000d8280000,0x00000000d8280000,0x00000000d8780000)
 ParOldGen       total 62976K, used 61308K [0x0000000081600000, 0x0000000085380000, 0x00000000d5d00000)
  object space 62976K, 97% used [0x0000000081600000,0x00000000851df378,0x0000000085380000)
 Metaspace       used 7088K, capacity 7226K, committed 7680K, reserved 1067008K
  class space    used 860K, capacity 935K, committed 1024K, reserved 1048576K
Event: 0.492 GC heap after
Heap after GC invocations=6 (full 3):
 PSYoungGen      total 38400K, used 0K [0x00000000d5d00000, 0x00000000d9d00000, 0x0000000100000000)
  eden space 33280K, 0% used [0x00000000d5d00000,0x00000000d5d00000,0x00000000d7d80000)
  from space 5120K, 0% used [0x00000000d7d80000,0x00000000d7d80000,0x00000000d8280000)
  to   space 5120K, 0% used [0x00000000d8280000,0x00000000d8280000,0x00000000d8780000)
 ParOldGen       total 62976K, used 34683K [0x0000000081600000, 0x0000000085380000, 0x00000000d5d00000)
  object space 62976K, 55% used [0x0000000081600000,0x00000000837defd8,0x0000000085380000)
 Metaspace       used 7088K, capacity 7226K, committed 7680K, reserved 1067008K
  class space    used 860K, capacity 935K, committed 1024K, reserved 1048576K
}
Event: 0.564 GC heap before
{Heap before GC invocations=7 (full 4):
 PSYoungGen      total 38400K, used 33280K [0x00000000d5d00000, 0x00000000d9d00000, 0x0000000100000000)
  eden space 33280K, 100% used [0x00000000d5d00000,0x00000000d7d80000,0x00000000d7d80000)
  from space 5120K, 0% used [0x00000000d7d80000,0x00000000d7d80000,0x00000000d8280000)
  to   space 5120K, 0% used [0x00000000d8280000,0x00000000d8280000,0x00000000d8780000)
 ParOldGen       total 62976K, used 34683K [0x0000000081600000, 0x0000000085380000, 0x00000000d5d00000)
  object space 62976K, 55% used [0x0000000081600000,0x00000000837defd8,0x0000000085380000)
 Metaspace       used 7110K, capacity 7322K, committed 7680K, reserved 1067008K
  class space    used 864K, capacity 967K, committed 1024K, reserved 1048576K
Event: 0.570 GC heap after
Heap after GC invocations=7 (full 4):
 PSYoungGen      total 38400K, used 0K [0x00000000d5d00000, 0x00000000d9d00000, 0x0000000100000000)
  eden space 33280K, 0% used [0x00000000d5d00000,0x00000000d5d00000,0x00000000d7d80000)
  from space 5120K, 0% used [0x00000000d7d80000,0x00000000d7d80000,0x00000000d8280000)
  to   space 5120K, 0% used [0x00000000d8280000,0x00000000d8280000,0x00000000d8780000)
 ParOldGen       total 62976K, used 49597K [0x0000000081600000, 0x0000000085380000, 0x00000000d5d00000)
  object space 62976K, 78% used [0x0000000081600000,0x000000008466f678,0x0000000085380000)
 Metaspace       used 7110K, capacity 7322K, committed 7680K, reserved 1067008K
  class space    used 864K, capacity 967K, committed 1024K, reserved 1048576K
}
Event: 0.639 GC heap before
{Heap before GC invocations=8 (full 5):
 PSYoungGen      total 38400K, used 33280K [0x00000000d5d00000, 0x00000000d9d00000, 0x0000000100000000)
  eden space 33280K, 100% used [0x00000000d5d00000,0x00000000d7d80000,0x00000000d7d80000)
  from space 5120K, 0% used [0x00000000d7d80000,0x00000000d7d80000,0x00000000d8280000)
  to   space 5120K, 0% used [0x00000000d8280000,0x00000000d8280000,0x00000000d8780000)
 ParOldGen       total 62976K, used 49597K [0x0000000081600000, 0x0000000085380000, 0x00000000d5d00000)
  object space 62976K, 78% used [0x0000000081600000,0x000000008466f678,0x0000000085380000)
 Metaspace       used 7112K, capacity 7386K, committed 7680K, reserved 1067008K
  class space    used 864K, capacity 967K, committed 1024K, reserved 1048576K
Event: 0.656 GC heap after
Heap after GC invocations=8 (full 5):
 PSYoungGen      total 38400K, used 8250K [0x00000000d5d00000, 0x00000000d9d00000, 0x0000000100000000)
  eden space 33280K, 24% used [0x00000000d5d00000,0x00000000d650ea00,0x00000000d7d80000)
  from space 5120K, 0% used [0x00000000d7d80000,0x00000000d7d80000,0x00000000d8280000)
  to   space 5120K, 0% used [0x00000000d8280000,0x00000000d8280000,0x00000000d8780000)
 ParOldGen       total 62976K, used 58449K [0x0000000081600000, 0x0000000085380000, 0x00000000d5d00000)
  object space 62976K, 92% used [0x0000000081600000,0x0000000084f14690,0x0000000085380000)
 Metaspace       used 7112K, capacity 7386K, committed 7680K, reserved 1067008K
  class space    used 864K, capacity 967K, committed 1024K, reserved 1048576K
}

