# JRE version: Java(TM) SE Runtime Environment (8.0_281-b09) (build 1.8.0_281-b09)
# Java VM: Java HotSpot(TM) 64-Bit Server VM (25.281-b09 mixed mode windows-amd64 compressed oops)
Heap:
 PSYoungGen      total 68096K, used 37356K [0x00000000d5d00000, 0x00000000e1080000, 0x0000000100000000)
  eden space 62976K, 59% used [0x00000000d5d00000,0x00000000d817b2c0,0x00000000d9a80000)
  from space 5120K, 0% used [0x00000000d9a80000,0x00000000d9a80000,0x00000000d9f80000)
  to   space 45056K, 0% used [0x00000000de480000,0x00000000de480000,0x00000000e1080000)
 ParOldGen       total 206336K, used 83833K [0x0000000081600000, 0x000000008df80000, 0x00000000d5d00000)
  object space 206336K, 40% used [0x0000000081600000,0x00000000867de4b0,0x000000008df80000)
 Metaspace       used 13636K, capacity 13866K, committed 14080K, reserved 1060864K
  class space    used 1622K, capacity 1692K, committed 1792K, reserved 1048576K
GC Heap History (10 events):
Event: 1.591 GC heap before
{Heap before GC invocations=4 (full 1):
 PSYoungGen      total 38400K, used 33280K [0x00000000d5d00000, 0x00000000da800000, 0x0000000100000000)
  eden space 33280K, 100% used [0x00000000d5d00000,0x00000000d7d80000,0x00000000d7d80000)
  from space 5120K, 0% used [0x00000000d8280000,0x00000000d8280000,0x00000000d8780000)
  to   space 5120K, 0% used [0x00000000d7d80000,0x00000000d7d80000,0x00000000d8280000)
 ParOldGen       total 96256K, used 25557K [0x0000000081600000, 0x0000000087400000, 0x00000000d5d00000)
  object space 96256K, 26% used [0x0000000081600000,0x0000000082ef56c0,0x0000000087400000)
 Metaspace       used 9245K, capacity 9414K, committed 9600K, reserved 1058816K
  class space    used 1063K, capacity 1134K, committed 1152K, reserved 1048576K
Event: 1.601 GC heap after
Heap after GC invocations=4 (full 1):
 PSYoungGen      total 38400K, used 4579K [0x00000000d5d00000, 0x00000000da480000, 0x0000000100000000)
  eden space 33280K, 0% used [0x00000000d5d00000,0x00000000d5d00000,0x00000000d7d80000)
  from space 5120K, 89% used [0x00000000d7d80000,0x00000000d81f8d28,0x00000000d8280000)
  to   space 5120K, 0% used [0x00000000d9f80000,0x00000000d9f80000,0x00000000da480000)
 ParOldGen       total 96256K, used 68931K [0x0000000081600000, 0x0000000087400000, 0x00000000d5d00000)
  object space 96256K, 71% used [0x0000000081600000,0x0000000085950c58,0x0000000087400000)
 Metaspace       used 9245K, capacity 9414K, committed 9600K, reserved 1058816K
  class space    used 1063K, capacity 1134K, committed 1152K, reserved 1048576K
}
Event: 1.601 GC heap before
{Heap before GC invocations=5 (full 2):
 PSYoungGen      total 38400K, used 4579K [0x00000000d5d00000, 0x00000000da480000, 0x0000000100000000)
  eden space 33280K, 0% used [0x00000000d5d00000,0x00000000d5d00000,0x00000000d7d80000)
  from space 5120K, 89% used [0x00000000d7d80000,0x00000000d81f8d28,0x00000000d8280000)
  to   space 5120K, 0% used [0x00000000d9f80000,0x00000000d9f80000,0x00000000da480000)
 ParOldGen       total 96256K, used 68931K [0x0000000081600000, 0x0000000087400000, 0x00000000d5d00000)
  object space 96256K, 71% used [0x0000000081600000,0x0000000085950c58,0x0000000087400000)
 Metaspace       used 9245K, capacity 9414K, committed 9600K, reserved 1058816K
  class space    used 1063K, capacity 1134K, committed 1152K, reserved 1048576K
Event: 1.608 GC heap after
Heap after GC invocations=5 (full 2):
 PSYoungGen      total 38400K, used 0K [0x00000000d5d00000, 0x00000000da480000, 0x0000000100000000)
  eden space 33280K, 0% used [0x00000000d5d00000,0x00000000d5d00000,0x00000000d7d80000)
  from space 5120K, 0% used [0x00000000d7d80000,0x00000000d7d80000,0x00000000d8280000)
  to   space 5120K, 0% used [0x00000000d9f80000,0x00000000d9f80000,0x00000000da480000)
 ParOldGen       total 140288K, used 42398K [0x0000000081600000, 0x0000000089f00000, 0x00000000d5d00000)
  object space 140288K, 30% used [0x0000000081600000,0x0000000083f67b30,0x0000000089f00000)
 Metaspace       used 9245K, capacity 9414K, committed 9600K, reserved 1058816K
  class space    used 1063K, capacity 1134K, committed 1152K, reserved 1048576K
}
Event: 1.674 GC heap before
{Heap before GC invocations=6 (full 2):
 PSYoungGen      total 38400K, used 33280K [0x00000000d5d00000, 0x00000000da480000, 0x0000000100000000)
  eden space 33280K, 100% used [0x00000000d5d00000,0x00000000d7d80000,0x00000000d7d80000)
  from space 5120K, 0% used [0x00000000d7d80000,0x00000000d7d80000,0x00000000d8280000)
  to   space 5120K, 0% used [0x00000000d9f80000,0x00000000d9f80000,0x00000000da480000)
 ParOldGen       total 140288K, used 42398K [0x0000000081600000, 0x0000000089f00000, 0x00000000d5d00000)
  object space 140288K, 30% used [0x0000000081600000,0x0000000083f67b30,0x0000000089f00000)
 Metaspace       used 9253K, capacity 9478K, committed 9600K, reserved 1058816K
  class space    used 1064K, capacity 1134K, committed 1152K, reserved 1048576K
Event: 1.683 GC heap after
Heap after GC invocations=6 (full 2):
 PSYoungGen      total 60928K, used 5006K [0x00000000d5d00000, 0x00000000da480000, 0x0000000100000000)
  eden space 55808K, 0% used [0x00000000d5d00000,0x00000000d5d00000,0x00000000d9380000)
  from space 5120K, 97% used [0x00000000d9f80000,0x00000000da463b40,0x00000000da480000)
  to   space 5120K, 0% used [0x00000000d9a80000,0x00000000d9a80000,0x00000000d9f80000)
 ParOldGen       total 140288K, used 73868K [0x0000000081600000, 0x0000000089f00000, 0x00000000d5d00000)
  object space 140288K, 52% used [0x0000000081600000,0x0000000085e23390,0x0000000089f00000)
 Metaspace       used 9253K, capacity 9478K, committed 9600K, reserved 1058816K
  class space    used 1064K, capacity 1134K, committed 1152K, reserved 1048576K
}
Event: 1.856 GC heap before
{Heap before GC invocations=7 (full 2):
 PSYoungGen      total 60928K, used 58675K [0x00000000d5d00000, 0x00000000da480000, 0x0000000100000000)
  eden space 55808K, 96% used [0x00000000d5d00000,0x00000000d91690e0,0x00000000d9380000)
  from space 5120K, 97% used [0x00000000d9f80000,0x00000000da463b40,0x00000000da480000)
  to   space 5120K, 0% used [0x00000000d9a80000,0x00000000d9a80000,0x00000000d9f80000)
 ParOldGen       total 140288K, used 73868K [0x0000000081600000, 0x0000000089f00000, 0x00000000d5d00000)
  object space 140288K, 52% used [0x0000000081600000,0x0000000085e23390,0x0000000089f00000)
 Metaspace       used 9253K, capacity 9478K, committed 9600K, reserved 1058816K
  class space    used 1064K, capacity 1134K, committed 1152K, reserved 1048576K
Event: 1.875 GC heap after
Heap after GC invocations=7 (full 2):
 PSYoungGen      total 68096K, used 4965K [0x00000000d5d00000, 0x00000000e1080000, 0x0000000100000000)
  eden space 62976K, 0% used [0x00000000d5d00000,0x00000000d5d00000,0x00000000d9a80000)
  from space 5120K, 96% used [0x00000000d9a80000,0x00000000d9f59780,0x00000000d9f80000)
  to   space 45056K, 0% used [0x00000000de480000,0x00000000de480000,0x00000000e1080000)
 ParOldGen       total 140288K, used 128556K [0x0000000081600000, 0x0000000089f00000, 0x00000000d5d00000)
  object space 140288K, 91% used [0x0000000081600000,0x000000008938b110,0x0000000089f00000)
 Metaspace       used 9253K, capacity 9478K, committed 9600K, reserved 1058816K
  class space    used 1064K, capacity 1134K, committed 1152K, reserved 1048576K
}
Event: 1.875 GC heap before
{Heap before GC invocations=8 (full 3):
 PSYoungGen      total 68096K, used 4965K [0x00000000d5d00000, 0x00000000e1080000, 0x0000000100000000)
  eden space 62976K, 0% used [0x00000000d5d00000,0x00000000d5d00000,0x00000000d9a80000)
  from space 5120K, 96% used [0x00000000d9a80000,0x00000000d9f59780,0x00000000d9f80000)
  to   space 45056K, 0% used [0x00000000de480000,0x00000000de480000,0x00000000e1080000)
 ParOldGen       total 140288K, used 128556K [0x0000000081600000, 0x0000000089f00000, 0x00000000d5d00000)
  object space 140288K, 91% used [0x0000000081600000,0x000000008938b110,0x0000000089f00000)
 Metaspace       used 9253K, capacity 9478K, committed 9600K, reserved 1058816K
  class space    used 1064K, capacity 1134K, committed 1152K, reserved 1048576K
Event: 1.917 GC heap after
Heap after GC invocations=8 (full 3):
 PSYoungGen      total 68096K, used 0K [0x00000000d5d00000, 0x00000000e1080000, 0x0000000100000000)
  eden space 62976K, 0% used [0x00000000d5d00000,0x00000000d5d00000,0x00000000d9a80000)
  from space 5120K, 0% used [0x00000000d9a80000,0x00000000d9a80000,0x00000000d9f80000)
  to   space 45056K, 0% used [0x00000000de480000,0x00000000de480000,0x00000000e1080000)
 ParOldGen       total 206336K, used 83833K [0x0000000081600000, 0x000000008df80000, 0x00000000d5d00000)
  object space 206336K, 40% used [0x0000000081600000,0x00000000867de4b0,0x000000008df80000)
 Metaspace       used 9253K, capacity 9478K, committed 9600K, reserved 1058816K
  class space    used 1064K, capacity 1134K, committed 1152K, reserved 1048576K
}

